#
# There is insufficient memory for the Java Runtime Environment to continue.
# Native memory allocation (malloc) failed to allocate 196576 bytes. Error detail: Chunk::new
# Possible reasons:
#   The system is out of physical RAM or swap space
#   This process is running with CompressedOops enabled, and the Java Heap may be blocking the growth of the native heap
# Possible solutions:
#   Reduce memory load on the system
#   Increase physical memory or swap space
#   Check if swap backing store is full
#   Decrease Java heap size (-Xmx/-Xms)
#   Decrease number of Java threads
#   Decrease Java thread stack sizes (-Xss)
#   Set larger code cache with -XX:ReservedCodeCacheSize=
#   JVM is running with Unscaled Compressed Oops mode in which the Java heap is
#     placed in the first 4GB address space. The Java Heap base address is the
#     maximum limit for the native heap growth. Please use -XX:HeapBaseMinAddress
#     to set the Java Heap base and to place the Java Heap above 4GB virtual address.
# This output file may be truncated or incomplete.
#
#  Out of Memory Error (arena.cpp:191), pid=26180, tid=26844
#
# JRE version: OpenJDK Runtime Environment (17.0.11) (build 17.0.11+0--11852314)
# Java VM: OpenJDK 64-Bit Server VM (17.0.11+0--11852314, mixed mode, tiered, compressed oops, compressed class ptrs, g1 gc, windows-amd64)
# No core dump will be written. Minidumps are not enabled by default on client versions of Windows
#

---------------  S U M M A R Y ------------

Command Line: --add-opens=java.base/java.lang=ALL-UNNAMED --add-opens=java.base/java.lang.invoke=ALL-UNNAMED --add-opens=java.base/java.util=ALL-UNNAMED --add-opens=java.prefs/java.util.prefs=ALL-UNNAMED --add-exports=jdk.compiler/com.sun.tools.javac.api=ALL-UNNAMED --add-exports=jdk.compiler/com.sun.tools.javac.util=ALL-UNNAMED --add-opens=java.base/java.util=ALL-UNNAMED --add-opens=java.prefs/java.util.prefs=ALL-UNNAMED --add-opens=java.base/java.nio.charset=ALL-UNNAMED --add-opens=java.base/java.net=ALL-UNNAMED --add-opens=java.base/java.util.concurrent.atomic=ALL-UNNAMED --add-opens=java.xml/javax.xml.namespace=ALL-UNNAMED -Xmx2048m -Dfile.encoding=UTF-8 -Duser.country=CN -Duser.language=zh -Duser.variant -javaagent:C:\Users\邓晴\.gradle\wrapper\dists\gradle-8.11.1-bin\bpt9gzteqjrbo1mjrsomdt32c\gradle-8.11.1\lib\agents\gradle-instrumentation-agent-8.11.1.jar org.gradle.launcher.daemon.bootstrap.GradleDaemon 8.11.1

Host: 12th Gen Intel(R) Core(TM) i5-1240P, 16 cores, 15G,  Windows 11 , 64 bit Build 22621 (10.0.22621.5415)
Time: Tue May 19 22:54:35 2026  Windows 11 , 64 bit Build 22621 (10.0.22621.5415) elapsed time: 157.656018 seconds (0d 0h 2m 37s)

---------------  T H R E A D  ---------------

Current thread (0x00000145cdcee880):  JavaThread "C2 CompilerThread0" daemon [_thread_in_native, id=26844, stack(0x0000002433a00000,0x0000002433b00000)]


Current CompileTask:
C2: 157656 7888   !   4       sun.nio.ch.NioSocketImpl::tryRead (87 bytes)

Stack: [0x0000002433a00000,0x0000002433b00000]
Native frames: (J=compiled Java code, j=interpreted, Vv=VM code, C=native code)
V  [jvm.dll+0x687bb9]
V  [jvm.dll+0x84142a]
V  [jvm.dll+0x8430ae]
V  [jvm.dll+0x843713]
V  [jvm.dll+0x24a35f]
V  [jvm.dll+0xac544]
V  [jvm.dll+0xacb8c]
V  [jvm.dll+0x2b194f]
V  [jvm.dll+0x58eba7]
V  [jvm.dll+0x2247e2]
V  [jvm.dll+0x224bdf]
V  [jvm.dll+0x21dd00]
V  [jvm.dll+0x21b201]
V  [jvm.dll+0x1a63ed]
V  [jvm.dll+0x22b1ee]
V  [jvm.dll+0x229375]
V  [jvm.dll+0x7f5647]
V  [jvm.dll+0x7efa4a]
V  [jvm.dll+0x686a35]
C  [ucrtbase.dll+0x29333]
C  [KERNEL32.DLL+0x1259d]
C  [ntdll.dll+0x5af78]


---------------  P R O C E S S  ---------------

Threads class SMR info:
_java_thread_list=0x00000145d3aa1280, length=48, elements={
0x00000145b3282a50, 0x00000145cdc8b4f0, 0x00000145cdc8c280, 0x00000145cdcba590,
0x00000145cdcbb0c0, 0x00000145cdcbbce0, 0x00000145cdce2770, 0x00000145cdcee880,
0x00000145cdcf0250, 0x00000145cdcf9420, 0x00000145cdd78940, 0x00000145cdf94160,
0x00000145ce85fd90, 0x00000145ce8607b0, 0x00000145ce85da20, 0x00000145ce85df30,
0x00000145ce85e440, 0x00000145ce8602a0, 0x00000145ce8611d0, 0x00000145ce85ee60,
0x00000145ce860cc0, 0x00000145ce85e950, 0x00000145ce85f370, 0x00000145ce85f880,
0x00000145d49d2210, 0x00000145d49cd620, 0x00000145d49ce550, 0x00000145d49d3b60,
0x00000145d49d2720, 0x00000145d49ccc00, 0x00000145d49d1d00, 0x00000145d49cc6f0,
0x00000145d49cd110, 0x00000145d49d2c30, 0x00000145d49cfea0, 0x00000145d49cf990,
0x00000145d49d3140, 0x00000145d49d12e0, 0x00000145d49d08c0, 0x00000145d49d3650,
0x00000145d49ce040, 0x00000145d49d03b0, 0x00000145d49d17f0, 0x00000145d49d4070,
0x00000145d49d0dd0, 0x00000145d49cea60, 0x00000145d49cef70, 0x00000145d684bfc0
}

Java Threads: ( => current thread )
  0x00000145b3282a50 JavaThread "main" [_thread_blocked, id=15744, stack(0x0000002432d00000,0x0000002432e00000)]
  0x00000145cdc8b4f0 JavaThread "Reference Handler" daemon [_thread_blocked, id=20260, stack(0x0000002433400000,0x0000002433500000)]
  0x00000145cdc8c280 JavaThread "Finalizer" daemon [_thread_blocked, id=10556, stack(0x0000002433500000,0x0000002433600000)]
  0x00000145cdcba590 JavaThread "Signal Dispatcher" daemon [_thread_blocked, id=25996, stack(0x0000002433600000,0x0000002433700000)]
  0x00000145cdcbb0c0 JavaThread "Attach Listener" daemon [_thread_blocked, id=21920, stack(0x0000002433700000,0x0000002433800000)]
  0x00000145cdcbbce0 JavaThread "Service Thread" daemon [_thread_blocked, id=14708, stack(0x0000002433800000,0x0000002433900000)]
  0x00000145cdce2770 JavaThread "Monitor Deflation Thread" daemon [_thread_blocked, id=21460, stack(0x0000002433900000,0x0000002433a00000)]
=>0x00000145cdcee880 JavaThread "C2 CompilerThread0" daemon [_thread_in_native, id=26844, stack(0x0000002433a00000,0x0000002433b00000)]
  0x00000145cdcf0250 JavaThread "C1 CompilerThread0" daemon [_thread_blocked, id=13644, stack(0x0000002433b00000,0x0000002433c00000)]
  0x00000145cdcf9420 JavaThread "Sweeper thread" daemon [_thread_blocked, id=6548, stack(0x0000002433c00000,0x0000002433d00000)]
  0x00000145cdd78940 JavaThread "Common-Cleaner" daemon [_thread_blocked, id=11188, stack(0x0000002433d00000,0x0000002433e00000)]
  0x00000145cdf94160 JavaThread "Notification Thread" daemon [_thread_blocked, id=7948, stack(0x0000002434000000,0x0000002434100000)]
  0x00000145ce85fd90 JavaThread "Daemon health stats" [_thread_blocked, id=2244, stack(0x0000002434700000,0x0000002434800000)]
  0x00000145ce8607b0 JavaThread "Incoming local TCP Connector on port 13803" [_thread_in_native, id=26048, stack(0x0000002434800000,0x0000002434900000)]
  0x00000145ce85da20 JavaThread "Daemon periodic checks" [_thread_blocked, id=9836, stack(0x0000002434900000,0x0000002434a00000)]
  0x00000145ce85df30 JavaThread "Daemon" [_thread_blocked, id=6064, stack(0x0000002434a00000,0x0000002434b00000)]
  0x00000145ce85e440 JavaThread "Handler for socket connection from /127.0.0.1:13803 to /127.0.0.1:13804" [_thread_in_native, id=26836, stack(0x0000002434b00000,0x0000002434c00000)]
  0x00000145ce8602a0 JavaThread "Cancel handler" [_thread_blocked, id=10692, stack(0x0000002434c00000,0x0000002434d00000)]
  0x00000145ce8611d0 JavaThread "Daemon worker" [_thread_blocked, id=24928, stack(0x0000002434d00000,0x0000002434e00000)]
  0x00000145ce85ee60 JavaThread "Asynchronous log dispatcher for DefaultDaemonConnection: socket connection from /127.0.0.1:13803 to /127.0.0.1:13804" [_thread_blocked, id=26896, stack(0x0000002434e00000,0x0000002434f00000)]
  0x00000145ce860cc0 JavaThread "Stdin handler" [_thread_blocked, id=6284, stack(0x0000002434f00000,0x0000002435000000)]
  0x00000145ce85e950 JavaThread "Daemon client event forwarder" [_thread_blocked, id=6544, stack(0x0000002435000000,0x0000002435100000)]
  0x00000145ce85f370 JavaThread "Cache worker for journal cache (C:\Users\閭撴櫞\.gradle\caches\journal-1)" [_thread_blocked, id=25984, stack(0x0000002435a00000,0x0000002435b00000)]
  0x00000145ce85f880 JavaThread "File lock request listener" [_thread_in_native, id=19928, stack(0x0000002435b00000,0x0000002435c00000)]
  0x00000145d49d2210 JavaThread "Cache worker for file hash cache (C:\Users\閭撴櫞\.gradle\caches\8.11.1\fileHashes)" [_thread_blocked, id=26792, stack(0x0000002435c00000,0x0000002435d00000)]
  0x00000145d49cd620 JavaThread "Cache worker for file content cache (C:\Users\閭撴櫞\.gradle\caches\8.11.1\fileContent)" [_thread_blocked, id=21252, stack(0x0000002435d00000,0x0000002435e00000)]
  0x00000145d49ce550 JavaThread "Cache worker for file hash cache (E:\AndroidStudio_2024_vision\AS_projects\LearnFlow\.gradle\8.11.1\fileHashes)" [_thread_blocked, id=4256, stack(0x0000002435e00000,0x0000002435f00000)]
  0x00000145d49d3b60 JavaThread "Cache worker for Build Output Cleanup Cache (E:\AndroidStudio_2024_vision\AS_projects\LearnFlow\.gradle\buildOutputCleanup)" [_thread_blocked, id=9536, stack(0x0000002435f00000,0x0000002436000000)]
  0x00000145d49d2720 JavaThread "File watcher server" daemon [_thread_in_native, id=15700, stack(0x0000002436000000,0x0000002436100000)]
  0x00000145d49ccc00 JavaThread "File watcher consumer" daemon [_thread_blocked, id=15784, stack(0x0000002436100000,0x0000002436200000)]
  0x00000145d49d1d00 JavaThread "Cache worker for checksums cache (E:\AndroidStudio_2024_vision\AS_projects\LearnFlow\.gradle\8.11.1\checksums)" [_thread_blocked, id=12920, stack(0x0000002436200000,0x0000002436300000)]
  0x00000145d49cc6f0 JavaThread "Cache worker for cache directory md-rule (C:\Users\閭撴櫞\.gradle\caches\8.11.1\md-rule)" [_thread_blocked, id=20888, stack(0x0000002436300000,0x0000002436400000)]
  0x00000145d49cd110 JavaThread "Cache worker for cache directory md-supplier (C:\Users\閭撴櫞\.gradle\caches\8.11.1\md-supplier)" [_thread_blocked, id=25140, stack(0x0000002436400000,0x0000002436500000)]
  0x00000145d49d2c30 JavaThread "Unconstrained build operations" [_thread_blocked, id=26340, stack(0x0000002436500000,0x0000002436600000)]
  0x00000145d49cfea0 JavaThread "Unconstrained build operations Thread 2" [_thread_blocked, id=17456, stack(0x0000002436600000,0x0000002436700000)]
  0x00000145d49cf990 JavaThread "Unconstrained build operations Thread 3" [_thread_blocked, id=6960, stack(0x0000002436700000,0x0000002436800000)]
  0x00000145d49d3140 JavaThread "Unconstrained build operations Thread 4" [_thread_blocked, id=8360, stack(0x0000002436800000,0x0000002436900000)]
  0x00000145d49d12e0 JavaThread "Unconstrained build operations Thread 5" [_thread_blocked, id=26464, stack(0x0000002436900000,0x0000002436a00000)]
  0x00000145d49d08c0 JavaThread "Unconstrained build operations Thread 6" [_thread_blocked, id=27552, stack(0x0000002436a00000,0x0000002436b00000)]
  0x00000145d49d3650 JavaThread "Unconstrained build operations Thread 7" [_thread_blocked, id=25912, stack(0x0000002436b00000,0x0000002436c00000)]
  0x00000145d49ce040 JavaThread "Unconstrained build operations Thread 8" [_thread_blocked, id=26556, stack(0x0000002436c00000,0x0000002436d00000)]
  0x00000145d49d03b0 JavaThread "Unconstrained build operations Thread 9" [_thread_blocked, id=5752, stack(0x0000002436d00000,0x0000002436e00000)]
  0x00000145d49d17f0 JavaThread "Unconstrained build operations Thread 10" [_thread_blocked, id=9280, stack(0x0000002436e00000,0x0000002436f00000)]
  0x00000145d49d4070 JavaThread "Unconstrained build operations Thread 11" [_thread_blocked, id=26520, stack(0x0000002436f00000,0x0000002437000000)]
  0x00000145d49d0dd0 JavaThread "Unconstrained build operations Thread 12" [_thread_blocked, id=27008, stack(0x0000002437000000,0x0000002437100000)]
  0x00000145d49cea60 JavaThread "Unconstrained build operations Thread 13" [_thread_blocked, id=10688, stack(0x0000002437100000,0x0000002437200000)]
  0x00000145d49cef70 JavaThread "Unconstrained build operations Thread 14" [_thread_blocked, id=27160, stack(0x0000002437200000,0x0000002437300000)]
  0x00000145d684bfc0 JavaThread "Unconstrained build operations Thread 15" [_thread_in_native, id=9276, stack(0x0000002437300000,0x0000002437400000)]

Other Threads:
  0x00000145cd6413c0 VMThread "VM Thread" [stack: 0x0000002433300000,0x0000002433400000] [id=26736]
  0x00000145b32836e0 WatcherThread [stack: 0x0000002434100000,0x0000002434200000] [id=12468]
  0x00000145b32df1f0 GCTaskThread "GC Thread#0" [stack: 0x0000002432e00000,0x0000002432f00000] [id=25660]
  0x00000145ce30c690 GCTaskThread "GC Thread#1" [stack: 0x0000002434200000,0x0000002434300000] [id=27324]
  0x00000145ce30c950 GCTaskThread "GC Thread#2" [stack: 0x0000002434300000,0x0000002434400000] [id=14028]
  0x00000145ce30cc10 GCTaskThread "GC Thread#3" [stack: 0x0000002434400000,0x0000002434500000] [id=26204]
  0x00000145ce285880 GCTaskThread "GC Thread#4" [stack: 0x0000002434500000,0x0000002434600000] [id=19160]
  0x00000145ce285b40 GCTaskThread "GC Thread#5" [stack: 0x0000002434600000,0x0000002434700000] [id=3504]
  0x00000145d436e0f0 GCTaskThread "GC Thread#6" [stack: 0x0000002435100000,0x0000002435200000] [id=11168]
  0x00000145d436d8b0 GCTaskThread "GC Thread#7" [stack: 0x0000002435200000,0x0000002435300000] [id=21548]
  0x00000145d436d5f0 GCTaskThread "GC Thread#8" [stack: 0x0000002435300000,0x0000002435400000] [id=16992]
  0x00000145d436d330 GCTaskThread "GC Thread#9" [stack: 0x0000002435400000,0x0000002435500000] [id=22128]
  0x00000145d436e670 GCTaskThread "GC Thread#10" [stack: 0x0000002435500000,0x0000002435600000] [id=20864]
  0x00000145d436ebf0 GCTaskThread "GC Thread#11" [stack: 0x0000002435600000,0x0000002435700000] [id=21264]
  0x00000145d436e930 GCTaskThread "GC Thread#12" [stack: 0x0000002435700000,0x0000002435800000] [id=14424]
  0x00000145b32f0140 ConcurrentGCThread "G1 Main Marker" [stack: 0x0000002432f00000,0x0000002433000000] [id=24912]
  0x00000145b32f0b60 ConcurrentGCThread "G1 Conc#0" [stack: 0x0000002433000000,0x0000002433100000] [id=26344]
  0x00000145d436db70 ConcurrentGCThread "G1 Conc#1" [stack: 0x0000002435800000,0x0000002435900000] [id=12564]
  0x00000145d436d070 ConcurrentGCThread "G1 Conc#2" [stack: 0x0000002435900000,0x0000002435a00000] [id=9328]
  0x00000145b332dc60 ConcurrentGCThread "G1 Refine#0" [stack: 0x0000002433100000,0x0000002433200000] [id=15880]
  0x00000145b332e690 ConcurrentGCThread "G1 Service" [stack: 0x0000002433200000,0x0000002433300000] [id=25116]

Threads with active compile tasks:
C2 CompilerThread0   157717 7888   !   4       sun.nio.ch.NioSocketImpl::tryRead (87 bytes)

VM state: not at safepoint (normal execution)

VM Mutex/Monitor currently owned by a thread: None

Heap address: 0x0000000080000000, size: 2048 MB, Compressed Oops mode: 32-bit

CDS archive(s) not mapped
Compressed class space mapped at: 0x0000000100000000-0x0000000140000000, reserved size: 1073741824
Narrow klass base: 0x0000000000000000, Narrow klass shift: 3, Narrow klass range: 0x140000000

GC Precious Log:
 CPUs: 16 total, 16 available
 Memory: 16055M
 Large Page Support: Disabled
 NUMA Support: Disabled
 Compressed Oops: Enabled (32-bit)
 Heap Region Size: 1M
 Heap Min Capacity: 8M
 Heap Initial Capacity: 252M
 Heap Max Capacity: 2G
 Pre-touch: Disabled
 Parallel Workers: 13
 Concurrent Workers: 3
 Concurrent Refinement Workers: 13
 Periodic GC: Disabled

Heap:
 garbage-first heap   total 133120K, used 110055K [0x0000000080000000, 0x0000000100000000)
  region size 1024K, 78 young (79872K), 5 survivors (5120K)
 Metaspace       used 69055K, committed 69632K, reserved 1114112K
  class space    used 9323K, committed 9600K, reserved 1048576K

Heap Regions: E=young(eden), S=young(survivor), O=old, HS=humongous(starts), HC=humongous(continues), CS=collection set, F=free, OA=open archive, CA=closed archive, TAMS=top-at-mark-start (previous, next)
|   0|0x0000000080000000, 0x0000000080100000, 0x0000000080100000|100%|HS|  |TAMS 0x0000000080100000, 0x0000000080000000| Complete 
|   1|0x0000000080100000, 0x0000000080200000, 0x0000000080200000|100%|HC|  |TAMS 0x0000000080200000, 0x0000000080100000| Complete 
|   2|0x0000000080200000, 0x0000000080300000, 0x0000000080300000|100%|HC|  |TAMS 0x0000000080300000, 0x0000000080200000| Complete 
|   3|0x0000000080300000, 0x0000000080400000, 0x0000000080400000|100%| O|  |TAMS 0x0000000080400000, 0x0000000080300000| Untracked 
|   4|0x0000000080400000, 0x0000000080500000, 0x0000000080500000|100%| O|  |TAMS 0x0000000080500000, 0x0000000080400000| Untracked 
|   5|0x0000000080500000, 0x0000000080600000, 0x0000000080600000|100%| O|  |TAMS 0x0000000080600000, 0x0000000080500000| Untracked 
|   6|0x0000000080600000, 0x0000000080700000, 0x0000000080700000|100%|HS|  |TAMS 0x0000000080700000, 0x0000000080600000| Complete 
|   7|0x0000000080700000, 0x0000000080800000, 0x0000000080800000|100%| O|  |TAMS 0x0000000080800000, 0x0000000080700000| Untracked 
|   8|0x0000000080800000, 0x0000000080900000, 0x0000000080900000|100%| O|  |TAMS 0x0000000080900000, 0x0000000080800000| Untracked 
|   9|0x0000000080900000, 0x0000000080a00000, 0x0000000080a00000|100%| O|  |TAMS 0x0000000080a00000, 0x0000000080900000| Untracked 
|  10|0x0000000080a00000, 0x0000000080b00000, 0x0000000080b00000|100%| O|  |TAMS 0x0000000080b00000, 0x0000000080a00000| Untracked 
|  11|0x0000000080b00000, 0x0000000080c00000, 0x0000000080c00000|100%| O|  |TAMS 0x0000000080c00000, 0x0000000080b00000| Untracked 
|  12|0x0000000080c00000, 0x0000000080d00000, 0x0000000080d00000|100%| O|  |TAMS 0x0000000080d00000, 0x0000000080c00000| Untracked 
|  13|0x0000000080d00000, 0x0000000080e00000, 0x0000000080e00000|100%| O|  |TAMS 0x0000000080e00000, 0x0000000080d00000| Untracked 
|  14|0x0000000080e00000, 0x0000000080f00000, 0x0000000080f00000|100%| O|  |TAMS 0x0000000080f00000, 0x0000000080e00000| Untracked 
|  15|0x0000000080f00000, 0x0000000081000000, 0x0000000081000000|100%| O|  |TAMS 0x0000000081000000, 0x0000000080f00000| Untracked 
|  16|0x0000000081000000, 0x0000000081100000, 0x0000000081100000|100%| O|  |TAMS 0x0000000081100000, 0x0000000081000000| Untracked 
|  17|0x0000000081100000, 0x0000000081200000, 0x0000000081200000|100%| O|  |TAMS 0x0000000081200000, 0x0000000081100000| Untracked 
|  18|0x0000000081200000, 0x0000000081300000, 0x0000000081300000|100%| O|  |TAMS 0x0000000081300000, 0x0000000081200000| Untracked 
|  19|0x0000000081300000, 0x0000000081400000, 0x0000000081400000|100%| O|  |TAMS 0x0000000081400000, 0x0000000081300000| Untracked 
|  20|0x0000000081400000, 0x0000000081500000, 0x0000000081500000|100%| O|  |TAMS 0x0000000081500000, 0x0000000081400000| Untracked 
|  21|0x0000000081500000, 0x0000000081600000, 0x0000000081600000|100%| O|  |TAMS 0x0000000081600000, 0x0000000081500000| Untracked 
|  22|0x0000000081600000, 0x0000000081700000, 0x0000000081700000|100%| O|  |TAMS 0x0000000081700000, 0x0000000081600000| Untracked 
|  23|0x0000000081700000, 0x0000000081800000, 0x0000000081800000|100%| O|  |TAMS 0x0000000081700000, 0x0000000081700000| Untracked 
|  24|0x0000000081800000, 0x0000000081900000, 0x0000000081900000|100%| O|  |TAMS 0x0000000081800000, 0x0000000081800000| Untracked 
|  25|0x0000000081900000, 0x0000000081a00000, 0x0000000081a00000|100%| O|  |TAMS 0x0000000081a00000, 0x0000000081900000| Untracked 
|  26|0x0000000081a00000, 0x0000000081b00000, 0x0000000081b00000|100%| O|  |TAMS 0x0000000081b00000, 0x0000000081a00000| Untracked 
|  27|0x0000000081b00000, 0x0000000081c00000, 0x0000000081c00000|100%| O|  |TAMS 0x0000000081c00000, 0x0000000081b00000| Untracked 
|  28|0x0000000081c00000, 0x0000000081d00000, 0x0000000081d00000|100%| O|  |TAMS 0x0000000081d00000, 0x0000000081c00000| Untracked 
|  29|0x0000000081d00000, 0x0000000081e00000, 0x0000000081e00000|100%| O|  |TAMS 0x0000000081db6400, 0x0000000081d00000| Untracked 
|  30|0x0000000081e00000, 0x0000000081f00000, 0x0000000081f00000|100%| O|  |TAMS 0x0000000081e00000, 0x0000000081e00000| Untracked 
|  31|0x0000000081f00000, 0x0000000081f85c00, 0x0000000082000000| 52%| O|  |TAMS 0x0000000081f00000, 0x0000000081f00000| Untracked 
|  32|0x0000000082000000, 0x0000000082000000, 0x0000000082100000|  0%| F|  |TAMS 0x0000000082000000, 0x0000000082000000| Untracked 
|  33|0x0000000082100000, 0x0000000082100000, 0x0000000082200000|  0%| F|  |TAMS 0x0000000082100000, 0x0000000082100000| Untracked 
|  34|0x0000000082200000, 0x0000000082200000, 0x0000000082300000|  0%| F|  |TAMS 0x0000000082200000, 0x0000000082200000| Untracked 
|  35|0x0000000082300000, 0x0000000082300000, 0x0000000082400000|  0%| F|  |TAMS 0x0000000082300000, 0x0000000082300000| Untracked 
|  36|0x0000000082400000, 0x0000000082400000, 0x0000000082500000|  0%| F|  |TAMS 0x0000000082400000, 0x0000000082400000| Untracked 
|  37|0x0000000082500000, 0x0000000082500000, 0x0000000082600000|  0%| F|  |TAMS 0x0000000082500000, 0x0000000082500000| Untracked 
|  38|0x0000000082600000, 0x0000000082600000, 0x0000000082700000|  0%| F|  |TAMS 0x0000000082600000, 0x0000000082600000| Untracked 
|  39|0x0000000082700000, 0x0000000082700000, 0x0000000082800000|  0%| F|  |TAMS 0x0000000082700000, 0x0000000082700000| Untracked 
|  40|0x0000000082800000, 0x0000000082800000, 0x0000000082900000|  0%| F|  |TAMS 0x0000000082800000, 0x0000000082800000| Untracked 
|  41|0x0000000082900000, 0x0000000082900000, 0x0000000082a00000|  0%| F|  |TAMS 0x0000000082900000, 0x0000000082900000| Untracked 
|  42|0x0000000082a00000, 0x0000000082a00000, 0x0000000082b00000|  0%| F|  |TAMS 0x0000000082a00000, 0x0000000082a00000| Untracked 
|  43|0x0000000082b00000, 0x0000000082b00000, 0x0000000082c00000|  0%| F|  |TAMS 0x0000000082b00000, 0x0000000082b00000| Untracked 
|  44|0x0000000082c00000, 0x0000000082c00000, 0x0000000082d00000|  0%| F|  |TAMS 0x0000000082c00000, 0x0000000082c00000| Untracked 
|  45|0x0000000082d00000, 0x0000000082d00000, 0x0000000082e00000|  0%| F|  |TAMS 0x0000000082d00000, 0x0000000082d00000| Untracked 
|  46|0x0000000082e00000, 0x0000000082e00000, 0x0000000082f00000|  0%| F|  |TAMS 0x0000000082e00000, 0x0000000082e00000| Untracked 
|  47|0x0000000082f00000, 0x0000000082f00000, 0x0000000083000000|  0%| F|  |TAMS 0x0000000082f00000, 0x0000000082f00000| Untracked 
|  48|0x0000000083000000, 0x0000000083000000, 0x0000000083100000|  0%| F|  |TAMS 0x0000000083000000, 0x0000000083000000| Untracked 
|  49|0x0000000083100000, 0x0000000083100000, 0x0000000083200000|  0%| F|  |TAMS 0x0000000083100000, 0x0000000083100000| Untracked 
|  50|0x0000000083200000, 0x0000000083200000, 0x0000000083300000|  0%| F|  |TAMS 0x0000000083200000, 0x0000000083200000| Untracked 
|  51|0x0000000083300000, 0x0000000083300000, 0x0000000083400000|  0%| F|  |TAMS 0x0000000083300000, 0x0000000083300000| Untracked 
|  52|0x0000000083400000, 0x00000000834937e0, 0x0000000083500000| 57%| E|  |TAMS 0x0000000083400000, 0x0000000083400000| Complete 
|  53|0x0000000083500000, 0x0000000083600000, 0x0000000083600000|100%| E|CS|TAMS 0x0000000083500000, 0x0000000083500000| Complete 
|  54|0x0000000083600000, 0x0000000083700000, 0x0000000083700000|100%| E|CS|TAMS 0x0000000083600000, 0x0000000083600000| Complete 
|  55|0x0000000083700000, 0x0000000083800000, 0x0000000083800000|100%| E|CS|TAMS 0x0000000083700000, 0x0000000083700000| Complete 
|  56|0x0000000083800000, 0x0000000083900000, 0x0000000083900000|100%| E|CS|TAMS 0x0000000083800000, 0x0000000083800000| Complete 
|  57|0x0000000083900000, 0x0000000083a00000, 0x0000000083a00000|100%| E|CS|TAMS 0x0000000083900000, 0x0000000083900000| Complete 
|  58|0x0000000083a00000, 0x0000000083b00000, 0x0000000083b00000|100%| E|CS|TAMS 0x0000000083a00000, 0x0000000083a00000| Complete 
|  59|0x0000000083b00000, 0x0000000083c00000, 0x0000000083c00000|100%| E|CS|TAMS 0x0000000083b00000, 0x0000000083b00000| Complete 
|  60|0x0000000083c00000, 0x0000000083d00000, 0x0000000083d00000|100%| E|CS|TAMS 0x0000000083c00000, 0x0000000083c00000| Complete 
|  61|0x0000000083d00000, 0x0000000083e00000, 0x0000000083e00000|100%| E|CS|TAMS 0x0000000083d00000, 0x0000000083d00000| Complete 
|  62|0x0000000083e00000, 0x0000000083f00000, 0x0000000083f00000|100%| E|CS|TAMS 0x0000000083e00000, 0x0000000083e00000| Complete 
|  63|0x0000000083f00000, 0x0000000084000000, 0x0000000084000000|100%| E|CS|TAMS 0x0000000083f00000, 0x0000000083f00000| Complete 
|  64|0x0000000084000000, 0x0000000084100000, 0x0000000084100000|100%| E|CS|TAMS 0x0000000084000000, 0x0000000084000000| Complete 
|  65|0x0000000084100000, 0x0000000084200000, 0x0000000084200000|100%| E|CS|TAMS 0x0000000084100000, 0x0000000084100000| Complete 
|  66|0x0000000084200000, 0x0000000084300000, 0x0000000084300000|100%| E|CS|TAMS 0x0000000084200000, 0x0000000084200000| Complete 
|  67|0x0000000084300000, 0x0000000084400000, 0x0000000084400000|100%| E|CS|TAMS 0x0000000084300000, 0x0000000084300000| Complete 
|  68|0x0000000084400000, 0x0000000084500000, 0x0000000084500000|100%| E|CS|TAMS 0x0000000084400000, 0x0000000084400000| Complete 
|  69|0x0000000084500000, 0x0000000084600000, 0x0000000084600000|100%| E|CS|TAMS 0x0000000084500000, 0x0000000084500000| Complete 
|  70|0x0000000084600000, 0x0000000084700000, 0x0000000084700000|100%| E|CS|TAMS 0x0000000084600000, 0x0000000084600000| Complete 
|  71|0x0000000084700000, 0x0000000084800000, 0x0000000084800000|100%| E|CS|TAMS 0x0000000084700000, 0x0000000084700000| Complete 
|  72|0x0000000084800000, 0x0000000084900000, 0x0000000084900000|100%| E|  |TAMS 0x0000000084800000, 0x0000000084800000| Complete 
|  73|0x0000000084900000, 0x0000000084a00000, 0x0000000084a00000|100%| E|CS|TAMS 0x0000000084900000, 0x0000000084900000| Complete 
|  74|0x0000000084a00000, 0x0000000084b00000, 0x0000000084b00000|100%| E|CS|TAMS 0x0000000084a00000, 0x0000000084a00000| Complete 
|  75|0x0000000084b00000, 0x0000000084c00000, 0x0000000084c00000|100%| E|CS|TAMS 0x0000000084b00000, 0x0000000084b00000| Complete 
|  76|0x0000000084c00000, 0x0000000084d00000, 0x0000000084d00000|100%| E|CS|TAMS 0x0000000084c00000, 0x0000000084c00000| Complete 
|  77|0x0000000084d00000, 0x0000000084e00000, 0x0000000084e00000|100%| E|CS|TAMS 0x0000000084d00000, 0x0000000084d00000| Complete 
|  78|0x0000000084e00000, 0x0000000084f00000, 0x0000000084f00000|100%| E|CS|TAMS 0x0000000084e00000, 0x0000000084e00000| Complete 
|  79|0x0000000084f00000, 0x0000000085000000, 0x0000000085000000|100%| E|CS|TAMS 0x0000000084f00000, 0x0000000084f00000| Complete 
|  80|0x0000000085000000, 0x0000000085100000, 0x0000000085100000|100%| E|CS|TAMS 0x0000000085000000, 0x0000000085000000| Complete 
|  81|0x0000000085100000, 0x0000000085200000, 0x0000000085200000|100%| E|CS|TAMS 0x0000000085100000, 0x0000000085100000| Complete 
|  82|0x0000000085200000, 0x0000000085300000, 0x0000000085300000|100%| E|CS|TAMS 0x0000000085200000, 0x0000000085200000| Complete 
|  83|0x0000000085300000, 0x0000000085400000, 0x0000000085400000|100%| E|CS|TAMS 0x0000000085300000, 0x0000000085300000| Complete 
|  84|0x0000000085400000, 0x0000000085500000, 0x0000000085500000|100%| E|CS|TAMS 0x0000000085400000, 0x0000000085400000| Complete 
|  85|0x0000000085500000, 0x0000000085600000, 0x0000000085600000|100%| E|CS|TAMS 0x0000000085500000, 0x0000000085500000| Complete 
|  86|0x0000000085600000, 0x0000000085700000, 0x0000000085700000|100%| E|CS|TAMS 0x0000000085600000, 0x0000000085600000| Complete 
|  87|0x0000000085700000, 0x0000000085800000, 0x0000000085800000|100%| E|CS|TAMS 0x0000000085700000, 0x0000000085700000| Complete 
|  88|0x0000000085800000, 0x0000000085900000, 0x0000000085900000|100%| E|CS|TAMS 0x0000000085800000, 0x0000000085800000| Complete 
|  89|0x0000000085900000, 0x0000000085a00000, 0x0000000085a00000|100%| E|CS|TAMS 0x0000000085900000, 0x0000000085900000| Complete 
|  90|0x0000000085a00000, 0x0000000085b00000, 0x0000000085b00000|100%| E|CS|TAMS 0x0000000085a00000, 0x0000000085a00000| Complete 
|  91|0x0000000085b00000, 0x0000000085c00000, 0x0000000085c00000|100%| E|CS|TAMS 0x0000000085b00000, 0x0000000085b00000| Complete 
|  92|0x0000000085c00000, 0x0000000085d00000, 0x0000000085d00000|100%| E|CS|TAMS 0x0000000085c00000, 0x0000000085c00000| Complete 
|  93|0x0000000085d00000, 0x0000000085e00000, 0x0000000085e00000|100%| E|CS|TAMS 0x0000000085d00000, 0x0000000085d00000| Complete 
|  94|0x0000000085e00000, 0x0000000085f00000, 0x0000000085f00000|100%| E|CS|TAMS 0x0000000085e00000, 0x0000000085e00000| Complete 
|  95|0x0000000085f00000, 0x0000000086000000, 0x0000000086000000|100%| E|CS|TAMS 0x0000000085f00000, 0x0000000085f00000| Complete 
|  96|0x0000000086000000, 0x0000000086100000, 0x0000000086100000|100%| E|CS|TAMS 0x0000000086000000, 0x0000000086000000| Complete 
|  97|0x0000000086100000, 0x0000000086200000, 0x0000000086200000|100%| E|CS|TAMS 0x0000000086100000, 0x0000000086100000| Complete 
|  98|0x0000000086200000, 0x0000000086300000, 0x0000000086300000|100%| E|CS|TAMS 0x0000000086200000, 0x0000000086200000| Complete 
|  99|0x0000000086300000, 0x0000000086400000, 0x0000000086400000|100%| E|CS|TAMS 0x0000000086300000, 0x0000000086300000| Complete 
| 100|0x0000000086400000, 0x0000000086500000, 0x0000000086500000|100%| E|CS|TAMS 0x0000000086400000, 0x0000000086400000| Complete 
| 101|0x0000000086500000, 0x0000000086600000, 0x0000000086600000|100%| E|CS|TAMS 0x0000000086500000, 0x0000000086500000| Complete 
| 102|0x0000000086600000, 0x0000000086700000, 0x0000000086700000|100%| E|CS|TAMS 0x0000000086600000, 0x0000000086600000| Complete 
| 103|0x0000000086700000, 0x0000000086800000, 0x0000000086800000|100%| E|CS|TAMS 0x0000000086700000, 0x0000000086700000| Complete 
| 104|0x0000000086800000, 0x0000000086900000, 0x0000000086900000|100%| E|CS|TAMS 0x0000000086800000, 0x0000000086800000| Complete 
| 105|0x0000000086900000, 0x0000000086a00000, 0x0000000086a00000|100%| E|CS|TAMS 0x0000000086900000, 0x0000000086900000| Complete 
| 106|0x0000000086a00000, 0x0000000086b00000, 0x0000000086b00000|100%| E|CS|TAMS 0x0000000086a00000, 0x0000000086a00000| Complete 
| 107|0x0000000086b00000, 0x0000000086c00000, 0x0000000086c00000|100%| E|CS|TAMS 0x0000000086b00000, 0x0000000086b00000| Complete 
| 108|0x0000000086c00000, 0x0000000086d00000, 0x0000000086d00000|100%| E|CS|TAMS 0x0000000086c00000, 0x0000000086c00000| Complete 
| 109|0x0000000086d00000, 0x0000000086e00000, 0x0000000086e00000|100%| E|CS|TAMS 0x0000000086d00000, 0x0000000086d00000| Complete 
| 110|0x0000000086e00000, 0x0000000086f00000, 0x0000000086f00000|100%| E|CS|TAMS 0x0000000086e00000, 0x0000000086e00000| Complete 
| 111|0x0000000086f00000, 0x0000000086ff40b0, 0x0000000087000000| 95%| S|CS|TAMS 0x0000000086f00000, 0x0000000086f00000| Complete 
| 112|0x0000000087000000, 0x0000000087100000, 0x0000000087100000|100%| S|CS|TAMS 0x0000000087000000, 0x0000000087000000| Complete 
| 113|0x0000000087100000, 0x0000000087200000, 0x0000000087200000|100%| S|CS|TAMS 0x0000000087100000, 0x0000000087100000| Complete 
| 114|0x0000000087200000, 0x0000000087300000, 0x0000000087300000|100%| S|CS|TAMS 0x0000000087200000, 0x0000000087200000| Complete 
| 115|0x0000000087300000, 0x0000000087400000, 0x0000000087400000|100%| S|CS|TAMS 0x0000000087300000, 0x0000000087300000| Complete 
| 116|0x0000000087400000, 0x0000000087500000, 0x0000000087500000|100%| E|CS|TAMS 0x0000000087400000, 0x0000000087400000| Complete 
| 117|0x0000000087500000, 0x0000000087600000, 0x0000000087600000|100%| E|CS|TAMS 0x0000000087500000, 0x0000000087500000| Complete 
| 118|0x0000000087600000, 0x0000000087700000, 0x0000000087700000|100%| E|CS|TAMS 0x0000000087600000, 0x0000000087600000| Complete 
| 119|0x0000000087700000, 0x0000000087800000, 0x0000000087800000|100%| E|CS|TAMS 0x0000000087700000, 0x0000000087700000| Complete 
| 120|0x0000000087800000, 0x0000000087900000, 0x0000000087900000|100%| E|CS|TAMS 0x0000000087800000, 0x0000000087800000| Complete 
| 121|0x0000000087900000, 0x0000000087a00000, 0x0000000087a00000|100%| E|CS|TAMS 0x0000000087900000, 0x0000000087900000| Complete 
| 122|0x0000000087a00000, 0x0000000087b00000, 0x0000000087b00000|100%| E|CS|TAMS 0x0000000087a00000, 0x0000000087a00000| Complete 
| 123|0x0000000087b00000, 0x0000000087c00000, 0x0000000087c00000|100%| E|CS|TAMS 0x0000000087b00000, 0x0000000087b00000| Complete 
| 124|0x0000000087c00000, 0x0000000087d00000, 0x0000000087d00000|100%| E|CS|TAMS 0x0000000087c00000, 0x0000000087c00000| Complete 
| 125|0x0000000087d00000, 0x0000000087e00000, 0x0000000087e00000|100%| E|CS|TAMS 0x0000000087d00000, 0x0000000087d00000| Complete 
| 126|0x0000000087e00000, 0x0000000087f00000, 0x0000000087f00000|100%| E|CS|TAMS 0x0000000087e00000, 0x0000000087e00000| Complete 
| 127|0x0000000087f00000, 0x0000000088000000, 0x0000000088000000|100%| E|CS|TAMS 0x0000000087f00000, 0x0000000087f00000| Complete 
| 146|0x0000000089200000, 0x0000000089300000, 0x0000000089300000|100%| E|CS|TAMS 0x0000000089200000, 0x0000000089200000| Complete 
| 251|0x000000008fb00000, 0x000000008fc00000, 0x000000008fc00000|100%| E|CS|TAMS 0x000000008fb00000, 0x000000008fb00000| Complete 

Card table byte_map: [0x00000145c6400000,0x00000145c6800000] _byte_map_base: 0x00000145c6000000

Marking Bits (Prev, Next): (CMBitMap*) 0x00000145b32df850, (CMBitMap*) 0x00000145b32df810
 Prev Bits: [0x00000145c8c00000, 0x00000145cac00000)
 Next Bits: [0x00000145c6c00000, 0x00000145c8c00000)

Polling page: 0x00000145b1220000

Metaspace:

Usage:
  Non-class:     58.33 MB used.
      Class:      9.10 MB used.
       Both:     67.44 MB used.

Virtual space:
  Non-class space:       64.00 MB reserved,      58.62 MB ( 92%) committed,  1 nodes.
      Class space:        1.00 GB reserved,       9.38 MB ( <1%) committed,  1 nodes.
             Both:        1.06 GB reserved,      68.00 MB (  6%) committed. 

Chunk freelists:
   Non-Class:  4.73 MB
       Class:  6.65 MB
        Both:  11.39 MB

MaxMetaspaceSize: unlimited
CompressedClassSpaceSize: 1.00 GB
Initial GC threshold: 21.00 MB
Current GC threshold: 98.12 MB
CDS: off
MetaspaceReclaimPolicy: balanced
 - commit_granule_bytes: 65536.
 - commit_granule_words: 8192.
 - virtual_space_node_default_size: 8388608.
 - enlarge_chunks_in_place: 1.
 - new_chunks_are_fully_committed: 0.
 - uncommit_free_chunks: 1.
 - use_allocation_guard: 0.
 - handle_deallocations: 1.


Internal statistics:

num_allocs_failed_limit: 9.
num_arena_births: 686.
num_arena_deaths: 0.
num_vsnodes_births: 2.
num_vsnodes_deaths: 0.
num_space_committed: 1088.
num_space_uncommitted: 0.
num_chunks_returned_to_freelist: 9.
num_chunks_taken_from_freelist: 2920.
num_chunk_merges: 9.
num_chunk_splits: 1921.
num_chunks_enlarged: 1311.
num_inconsistent_stats: 0.

CodeHeap 'non-profiled nmethods': size=119168Kb used=2888Kb max_used=3372Kb free=116279Kb
 bounds [0x00000145be2f0000, 0x00000145be640000, 0x00000145c5750000]
CodeHeap 'profiled nmethods': size=119104Kb used=12971Kb max_used=13821Kb free=106132Kb
 bounds [0x00000145b6750000, 0x00000145b74d0000, 0x00000145bdba0000]
CodeHeap 'non-nmethods': size=7488Kb used=1696Kb max_used=2846Kb free=5791Kb
 bounds [0x00000145bdba0000, 0x00000145bde70000, 0x00000145be2f0000]
 total_blobs=7655 nmethods=6875 adapters=692
 compilation: enabled
              stopped_count=0, restarted_count=0
 full_count=0

Compilation events (20 events):
Event: 142.152 Thread 0x00000145cdcf0250 nmethod 7878 0x00000145b6828e10 code [0x00000145b6829080, 0x00000145b6829c18]
Event: 142.152 Thread 0x00000145cdcf0250 7879       3       java.util.concurrent.LinkedBlockingDeque$Node::<init> (10 bytes)
Event: 142.152 Thread 0x00000145cdcf0250 nmethod 7879 0x00000145b6ab0d10 code [0x00000145b6ab0ea0, 0x00000145b6ab1058]
Event: 142.152 Thread 0x00000145cdcf0250 7880       3       java.util.concurrent.LinkedBlockingDeque::linkLast (69 bytes)
Event: 142.153 Thread 0x00000145cdcf0250 nmethod 7880 0x00000145b6828190 code [0x00000145b68283a0, 0x00000145b68289e8]
Event: 146.534 Thread 0x00000145cdcee880 7881       4       java.nio.MappedByteBuffer::limit (6 bytes)
Event: 146.535 Thread 0x00000145cdcee880 nmethod 7881 0x00000145be38ac10 code [0x00000145be38ad80, 0x00000145be38ae78]
Event: 152.204 Thread 0x00000145cdcee880 7882       4       java.nio.HeapByteBuffer::<init> (31 bytes)
Event: 152.212 Thread 0x00000145cdcee880 nmethod 7882 0x00000145be38a310 code [0x00000145be38a4a0, 0x00000145be38a8b8]
Event: 152.840 Thread 0x00000145cdcee880 7883       4       sun.nio.ch.Util::getTemporaryDirectBuffer (55 bytes)
Event: 152.861 Thread 0x00000145cdcee880 nmethod 7883 0x00000145be388e90 code [0x00000145be3890a0, 0x00000145be3897e0]
Event: 153.108 Thread 0x00000145cdcee880 7884       4       sun.nio.ch.Util::offerFirstTemporaryDirectBuffer (53 bytes)
Event: 153.119 Thread 0x00000145cdcee880 nmethod 7884 0x00000145be55b110 code [0x00000145be55b2e0, 0x00000145be55b768]
Event: 153.234 Thread 0x00000145cdcee880 7885   !   4       java.nio.DirectByteBuffer::address (53 bytes)
Event: 153.235 Thread 0x00000145cdcee880 nmethod 7885 0x00000145be55ae10 code [0x00000145be55af80, 0x00000145be55b018]
Event: 154.850 Thread 0x00000145cdcf0250 7886       3       java.io.File::getParent (65 bytes)
Event: 154.851 Thread 0x00000145cdcf0250 nmethod 7886 0x00000145b6825410 code [0x00000145b6825640, 0x00000145b6825d38]
Event: 154.874 Thread 0x00000145cdcee880 7887       4       java.util.concurrent.ConcurrentLinkedQueue::add (6 bytes)
Event: 154.885 Thread 0x00000145cdcee880 nmethod 7887 0x00000145be55a610 code [0x00000145be55a7a0, 0x00000145be55ab98]
Event: 157.630 Thread 0x00000145cdcee880 7888   !   4       sun.nio.ch.NioSocketImpl::tryRead (87 bytes)

GC Heap History (20 events):
Event: 5.177 GC heap before
{Heap before GC invocations=2 (full 0):
 garbage-first heap   total 258048K, used 125177K [0x0000000080000000, 0x0000000100000000)
  region size 1024K, 116 young (118784K), 5 survivors (5120K)
 Metaspace       used 21251K, committed 21504K, reserved 1114112K
  class space    used 2470K, committed 2624K, reserved 1048576K
}
Event: 5.194 GC heap after
{Heap after GC invocations=3 (full 0):
 garbage-first heap   total 258048K, used 20343K [0x0000000080000000, 0x0000000100000000)
  region size 1024K, 14 young (14336K), 14 survivors (14336K)
 Metaspace       used 21251K, committed 21504K, reserved 1114112K
  class space    used 2470K, committed 2624K, reserved 1048576K
}
Event: 6.007 GC heap before
{Heap before GC invocations=4 (full 0):
 garbage-first heap   total 75776K, used 50039K [0x0000000080000000, 0x0000000100000000)
  region size 1024K, 44 young (45056K), 14 survivors (14336K)
 Metaspace       used 25891K, committed 26176K, reserved 1114112K
  class space    used 3222K, committed 3328K, reserved 1048576K
}
Event: 6.023 GC heap after
{Heap after GC invocations=5 (full 0):
 garbage-first heap   total 75776K, used 21842K [0x0000000080000000, 0x0000000100000000)
  region size 1024K, 2 young (2048K), 2 survivors (2048K)
 Metaspace       used 25891K, committed 26176K, reserved 1114112K
  class space    used 3222K, committed 3328K, reserved 1048576K
}
Event: 6.041 GC heap before
{Heap before GC invocations=5 (full 0):
 garbage-first heap   total 75776K, used 22866K [0x0000000080000000, 0x0000000100000000)
  region size 1024K, 3 young (3072K), 2 survivors (2048K)
 Metaspace       used 26008K, committed 26304K, reserved 1114112K
  class space    used 3249K, committed 3392K, reserved 1048576K
}
Event: 6.046 GC heap after
{Heap after GC invocations=6 (full 0):
 garbage-first heap   total 75776K, used 21948K [0x0000000080000000, 0x0000000100000000)
  region size 1024K, 1 young (1024K), 1 survivors (1024K)
 Metaspace       used 26008K, committed 26304K, reserved 1114112K
  class space    used 3249K, committed 3392K, reserved 1048576K
}
Event: 6.722 GC heap before
{Heap before GC invocations=6 (full 0):
 garbage-first heap   total 75776K, used 53692K [0x0000000080000000, 0x0000000100000000)
  region size 1024K, 32 young (32768K), 1 survivors (1024K)
 Metaspace       used 29559K, committed 29888K, reserved 1114112K
  class space    used 3865K, committed 4032K, reserved 1048576K
}
Event: 6.725 GC heap after
{Heap after GC invocations=7 (full 0):
 garbage-first heap   total 75776K, used 23454K [0x0000000080000000, 0x0000000100000000)
  region size 1024K, 2 young (2048K), 2 survivors (2048K)
 Metaspace       used 29559K, committed 29888K, reserved 1114112K
  class space    used 3865K, committed 4032K, reserved 1048576K
}
Event: 7.457 GC heap before
{Heap before GC invocations=7 (full 0):
 garbage-first heap   total 75776K, used 55198K [0x0000000080000000, 0x0000000100000000)
  region size 1024K, 34 young (34816K), 2 survivors (2048K)
 Metaspace       used 33508K, committed 33856K, reserved 1114112K
  class space    used 4504K, committed 4672K, reserved 1048576K
}
Event: 7.462 GC heap after
{Heap after GC invocations=8 (full 0):
 garbage-first heap   total 75776K, used 25008K [0x0000000080000000, 0x0000000100000000)
  region size 1024K, 4 young (4096K), 4 survivors (4096K)
 Metaspace       used 33508K, committed 33856K, reserved 1114112K
  class space    used 4504K, committed 4672K, reserved 1048576K
}
Event: 7.829 GC heap before
{Heap before GC invocations=8 (full 0):
 garbage-first heap   total 75776K, used 43440K [0x0000000080000000, 0x0000000100000000)
  region size 1024K, 23 young (23552K), 4 survivors (4096K)
 Metaspace       used 35613K, committed 35968K, reserved 1114112K
  class space    used 4840K, committed 4992K, reserved 1048576K
}
Event: 7.834 GC heap after
{Heap after GC invocations=9 (full 0):
 garbage-first heap   total 75776K, used 25950K [0x0000000080000000, 0x0000000100000000)
  region size 1024K, 3 young (3072K), 3 survivors (3072K)
 Metaspace       used 35613K, committed 35968K, reserved 1114112K
  class space    used 4840K, committed 4992K, reserved 1048576K
}
Event: 8.534 GC heap before
{Heap before GC invocations=10 (full 0):
 garbage-first heap   total 75776K, used 58718K [0x0000000080000000, 0x0000000100000000)
  region size 1024K, 35 young (35840K), 3 survivors (3072K)
 Metaspace       used 41780K, committed 42112K, reserved 1114112K
  class space    used 5591K, committed 5760K, reserved 1048576K
}
Event: 8.542 GC heap after
{Heap after GC invocations=11 (full 0):
 garbage-first heap   total 151552K, used 28538K [0x0000000080000000, 0x0000000100000000)
  region size 1024K, 5 young (5120K), 5 survivors (5120K)
 Metaspace       used 41780K, committed 42112K, reserved 1114112K
  class space    used 5591K, committed 5760K, reserved 1048576K
}
Event: 9.514 GC heap before
{Heap before GC invocations=11 (full 0):
 garbage-first heap   total 151552K, used 112506K [0x0000000080000000, 0x0000000100000000)
  region size 1024K, 88 young (90112K), 5 survivors (5120K)
 Metaspace       used 46035K, committed 46592K, reserved 1114112K
  class space    used 6188K, committed 6464K, reserved 1048576K
}
Event: 9.521 GC heap after
{Heap after GC invocations=12 (full 0):
 garbage-first heap   total 151552K, used 32533K [0x0000000080000000, 0x0000000100000000)
  region size 1024K, 9 young (9216K), 9 survivors (9216K)
 Metaspace       used 46035K, committed 46592K, reserved 1114112K
  class space    used 6188K, committed 6464K, reserved 1048576K
}
Event: 11.145 GC heap before
{Heap before GC invocations=12 (full 0):
 garbage-first heap   total 151552K, used 114453K [0x0000000080000000, 0x0000000100000000)
  region size 1024K, 88 young (90112K), 9 survivors (9216K)
 Metaspace       used 56402K, committed 56832K, reserved 1114112K
  class space    used 7640K, committed 7872K, reserved 1048576K
}
Event: 11.154 GC heap after
{Heap after GC invocations=13 (full 0):
 garbage-first heap   total 151552K, used 35292K [0x0000000080000000, 0x0000000100000000)
  region size 1024K, 7 young (7168K), 7 survivors (7168K)
 Metaspace       used 56402K, committed 56832K, reserved 1114112K
  class space    used 7640K, committed 7872K, reserved 1048576K
}
Event: 11.901 GC heap before
{Heap before GC invocations=13 (full 0):
 garbage-first heap   total 151552K, used 67036K [0x0000000080000000, 0x0000000100000000)
  region size 1024K, 39 young (39936K), 7 survivors (7168K)
 Metaspace       used 59704K, committed 60160K, reserved 1114112K
  class space    used 8188K, committed 8384K, reserved 1048576K
}
Event: 11.907 GC heap after
{Heap after GC invocations=14 (full 0):
 garbage-first heap   total 151552K, used 37351K [0x0000000080000000, 0x0000000100000000)
  region size 1024K, 5 young (5120K), 5 survivors (5120K)
 Metaspace       used 59704K, committed 60160K, reserved 1114112K
  class space    used 8188K, committed 8384K, reserved 1048576K
}

Dll operation events (3 events):
Event: 0.242 Loaded shared library E:\AndroidStudio_2024_vision\AS_Install\jbr\bin\java.dll
Event: 0.585 Loaded shared library E:\AndroidStudio_2024_vision\AS_Install\jbr\bin\zip.dll
Event: 1.598 Loaded shared library E:\AndroidStudio_2024_vision\AS_Install\jbr\bin\verify.dll

Deoptimization events (20 events):
Event: 17.115 Thread 0x00000145d684bfc0 DEOPT PACKING pc=0x00000145b703d243 sp=0x00000024373fc680
Event: 17.115 Thread 0x00000145d684bfc0 DEOPT UNPACKING pc=0x00000145bdbf7143 sp=0x00000024373fbb18 mode 0
Event: 17.157 Thread 0x00000145ce85ee60 Uncommon trap: trap_request=0xffffffbe fr.pc=0x00000145be48108c relative=0x000000000000088c
Event: 17.157 Thread 0x00000145ce85ee60 Uncommon trap: reason=profile_predicate action=maybe_recompile pc=0x00000145be48108c method=com.esotericsoftware.kryo.io.Output.writeString(Ljava/lang/CharSequence;)V @ 67 c2
Event: 17.157 Thread 0x00000145ce85ee60 DEOPT PACKING pc=0x00000145be48108c sp=0x0000002434efed70
Event: 17.157 Thread 0x00000145ce85ee60 DEOPT UNPACKING pc=0x00000145bdbf69a3 sp=0x0000002434efed20 mode 2
Event: 17.157 Thread 0x00000145ce85ee60 Uncommon trap: trap_request=0xffffffbe fr.pc=0x00000145be48108c relative=0x000000000000088c
Event: 17.157 Thread 0x00000145ce85ee60 Uncommon trap: reason=profile_predicate action=maybe_recompile pc=0x00000145be48108c method=com.esotericsoftware.kryo.io.Output.writeString(Ljava/lang/CharSequence;)V @ 67 c2
Event: 17.157 Thread 0x00000145ce85ee60 DEOPT PACKING pc=0x00000145be48108c sp=0x0000002434efed70
Event: 17.157 Thread 0x00000145ce85ee60 DEOPT UNPACKING pc=0x00000145bdbf69a3 sp=0x0000002434efed20 mode 2
Event: 17.434 Thread 0x00000145ce85ee60 Uncommon trap: trap_request=0xffffffbe fr.pc=0x00000145be48108c relative=0x000000000000088c
Event: 17.434 Thread 0x00000145ce85ee60 Uncommon trap: reason=profile_predicate action=maybe_recompile pc=0x00000145be48108c method=com.esotericsoftware.kryo.io.Output.writeString(Ljava/lang/CharSequence;)V @ 67 c2
Event: 17.434 Thread 0x00000145ce85ee60 DEOPT PACKING pc=0x00000145be48108c sp=0x0000002434efed70
Event: 17.434 Thread 0x00000145ce85ee60 DEOPT UNPACKING pc=0x00000145bdbf69a3 sp=0x0000002434efed20 mode 2
Event: 17.434 Thread 0x00000145ce85ee60 Uncommon trap: trap_request=0xffffffbe fr.pc=0x00000145be48108c relative=0x000000000000088c
Event: 17.434 Thread 0x00000145ce85ee60 Uncommon trap: reason=profile_predicate action=maybe_recompile pc=0x00000145be48108c method=com.esotericsoftware.kryo.io.Output.writeString(Ljava/lang/CharSequence;)V @ 67 c2
Event: 17.434 Thread 0x00000145ce85ee60 DEOPT PACKING pc=0x00000145be48108c sp=0x0000002434efed70
Event: 17.434 Thread 0x00000145ce85ee60 DEOPT UNPACKING pc=0x00000145bdbf69a3 sp=0x0000002434efed20 mode 2
Event: 19.278 Thread 0x00000145d684bfc0 DEOPT PACKING pc=0x00000145b681d328 sp=0x00000024373fc3c0
Event: 19.278 Thread 0x00000145d684bfc0 DEOPT UNPACKING pc=0x00000145bdbf7143 sp=0x00000024373fb858 mode 0

Classes unloaded (0 events):
No events

Classes redefined (0 events):
No events

Internal exceptions (20 events):
Event: 11.389 Thread 0x00000145ce85e950 Exception <a 'java/lang/NoSuchMethodError'{0x00000000889a6f70}: static Lorg/gradle/internal/build/event/types/AbstractProgressEvent;.<clinit>()V> (0x00000000889a6f70) 
thrown [s\src\hotspot\share\prims\jni.cpp, line 1127]
Event: 11.391 Thread 0x00000145ce85e950 Exception <a 'java/lang/NoSuchMethodError'{0x00000000889ba0b8}: static Lorg/gradle/internal/build/event/types/DefaultProjectConfigurationDescriptor;.<clinit>()V> (0x00000000889ba0b8) 
thrown [s\src\hotspot\share\prims\jni.cpp, line 1127]
Event: 11.391 Thread 0x00000145ce85e950 Exception <a 'java/lang/NoSuchMethodError'{0x00000000889bc8a0}: static Lorg/gradle/internal/build/event/types/DefaultOperationDescriptor;.<clinit>()V> (0x00000000889bc8a0) 
thrown [s\src\hotspot\share\prims\jni.cpp, line 1127]
Event: 11.393 Thread 0x00000145ce85e950 Exception <a 'java/lang/NoSuchMethodError'{0x00000000889d56d0}: static Lorg/gradle/internal/operations/OperationIdentifier;.<clinit>()V> (0x00000000889d56d0) 
thrown [s\src\hotspot\share\prims\jni.cpp, line 1127]
Event: 11.585 Thread 0x00000145ce8611d0 Exception <a 'java/lang/NoSuchMethodError'{0x000000008802a258}: 'long java.lang.invoke.DirectMethodHandle$Holder.invokeStatic(java.lang.Object, long)'> (0x000000008802a258) 
thrown [s\src\hotspot\share\interpreter\linkResolver.cpp, line 771]
Event: 11.646 Thread 0x00000145ce8611d0 Exception <a 'java/lang/NoSuchMethodError'{0x0000000087eecdb8}: 'java.lang.Object java.lang.invoke.DirectMethodHandle$Holder.invokeInterface(java.lang.Object, java.lang.Object, int)'> (0x0000000087eecdb8) 
thrown [s\src\hotspot\share\interpreter\linkResolver.cpp, line 771]
Event: 11.899 Thread 0x00000145ce8611d0 Exception <a 'java/lang/NoSuchMethodError'{0x0000000087430320}: static Lorg/gradle/api/internal/catalog/DefaultVersionCatalog;.<clinit>()V> (0x0000000087430320) 
thrown [s\src\hotspot\share\prims\jni.cpp, line 1127]
Event: 11.913 Thread 0x00000145ce8611d0 Exception <a 'java/lang/NoSuchMethodError'{0x000000008fb2d280}: static [Ljava/lang/Object;.<clinit>()V> (0x000000008fb2d280) 
thrown [s\src\hotspot\share\prims\jni.cpp, line 1127]
Event: 11.916 Thread 0x00000145ce8611d0 Exception <a 'java/lang/NoSuchMethodError'{0x000000008fb541f0}: static Lorg/gradle/api/internal/catalog/DependencyModel;.<clinit>()V> (0x000000008fb541f0) 
thrown [s\src\hotspot\share\prims\jni.cpp, line 1127]
Event: 11.916 Thread 0x00000145ce8611d0 Exception <a 'java/lang/NoSuchMethodError'{0x000000008fb57a48}: static Lorg/gradle/api/internal/catalog/AbstractContextAwareModel;.<clinit>()V> (0x000000008fb57a48) 
thrown [s\src\hotspot\share\prims\jni.cpp, line 1127]
Event: 11.918 Thread 0x00000145ce8611d0 Exception <a 'java/lang/NoSuchMethodError'{0x000000008fb71228}: static Lorg/gradle/api/internal/artifacts/dependencies/AbstractVersionConstraint;.<clinit>()V> (0x000000008fb71228) 
thrown [s\src\hotspot\share\prims\jni.cpp, line 1127]
Event: 11.925 Thread 0x00000145ce8611d0 Exception <a 'java/lang/NoSuchMethodError'{0x000000008fbcf838}: static Lorg/gradle/api/internal/catalog/PluginModel;.<clinit>()V> (0x000000008fbcf838) 
thrown [s\src\hotspot\share\prims\jni.cpp, line 1127]
Event: 11.927 Thread 0x00000145ce8611d0 Exception <a 'java/lang/NoSuchMethodError'{0x000000008fbe63d0}: static Lorg/gradle/api/internal/catalog/VersionModel;.<clinit>()V> (0x000000008fbe63d0) 
thrown [s\src\hotspot\share\prims\jni.cpp, line 1127]
Event: 11.934 Thread 0x00000145ce8611d0 Exception <a 'java/lang/NoSuchMethodError'{0x000000008920de48}: 'void java.lang.invoke.DirectMethodHandle$Holder.invokeSpecial(java.lang.Object, java.lang.Object, java.lang.Object, int)'> (0x000000008920de48) 
thrown [s\src\hotspot\share\interpreter\linkResolver.cpp, line 771]
Event: 12.057 Thread 0x00000145ce8611d0 Exception <a 'java/lang/NoSuchMethodError'{0x0000000087cb44a0}: 'int java.lang.invoke.DirectMethodHandle$Holder.invokeSpecialIFC(java.lang.Object, java.lang.Object, java.lang.Object)'> (0x0000000087cb44a0) 
thrown [s\src\hotspot\share\interpreter\linkResolver.cpp, line 771]
Event: 12.138 Thread 0x00000145ce8611d0 Exception <a 'java/lang/NoSuchMethodError'{0x00000000878b1d78}: 'java.lang.Object java.lang.invoke.DirectMethodHandle$Holder.invokeSpecial(java.lang.Object, java.lang.Object, java.lang.Object, java.lang.Object, java.lang.Object, long)'> (0x00000000878b1d78) 
thrown [s\src\hotspot\share\interpreter\linkResolver.cpp, line 771]
Event: 12.141 Thread 0x00000145ce8611d0 Exception <a 'java/lang/NoSuchMethodError'{0x00000000878d5ff8}: 'void java.lang.invoke.DirectMethodHandle$Holder.invokeStatic(java.lang.Object, java.lang.Object, java.lang.Object, int, java.lang.Object)'> (0x00000000878d5ff8) 
thrown [s\src\hotspot\share\interpreter\linkResolver.cpp, line 771]
Event: 12.740 Thread 0x00000145ce85e950 Exception <a 'java/lang/NoSuchMethodError'{0x0000000085dd81a8}: static Lorg/gradle/internal/build/event/types/DefaultFileDownloadDescriptor;.<clinit>()V> (0x0000000085dd81a8) 
thrown [s\src\hotspot\share\prims\jni.cpp, line 1127]
Event: 12.791 Thread 0x00000145d684bfc0 Exception <a 'sun/nio/fs/WindowsException'{0x0000000085b542e0}> (0x0000000085b542e0) 
thrown [s\src\hotspot\share\prims\jni.cpp, line 531]
Event: 14.449 Thread 0x00000145ce85e950 Exception <a 'java/lang/NoSuchMethodError'{0x0000000084433008}: static Lorg/gradle/internal/build/event/types/DefaultStatusEvent;.<clinit>()V> (0x0000000084433008) 
thrown [s\src\hotspot\share\prims\jni.cpp, line 1127]

VM Operations (20 events):
Event: 106.670 Executing VM operation: Cleanup
Event: 106.670 Executing VM operation: Cleanup done
Event: 108.681 Executing VM operation: Cleanup
Event: 108.681 Executing VM operation: Cleanup done
Event: 121.766 Executing VM operation: Cleanup
Event: 121.766 Executing VM operation: Cleanup done
Event: 122.782 Executing VM operation: Cleanup
Event: 122.782 Executing VM operation: Cleanup done
Event: 123.788 Executing VM operation: Cleanup
Event: 123.788 Executing VM operation: Cleanup done
Event: 126.798 Executing VM operation: Cleanup
Event: 126.798 Executing VM operation: Cleanup done
Event: 128.815 Executing VM operation: Cleanup
Event: 128.815 Executing VM operation: Cleanup done
Event: 146.966 Executing VM operation: Cleanup
Event: 146.966 Executing VM operation: Cleanup done
Event: 154.019 Executing VM operation: Cleanup
Event: 154.019 Executing VM operation: Cleanup done
Event: 156.042 Executing VM operation: Cleanup
Event: 156.042 Executing VM operation: Cleanup done

Events (20 events):
Event: 14.493 Thread 0x00000145cdcf9420 flushing nmethod 0x00000145b7478010
Event: 14.493 Thread 0x00000145cdcf9420 flushing nmethod 0x00000145b7478490
Event: 14.493 Thread 0x00000145cdcf9420 flushing nmethod 0x00000145b7478910
Event: 14.493 Thread 0x00000145cdcf9420 flushing nmethod 0x00000145b7478d90
Event: 14.493 Thread 0x00000145cdcf9420 flushing nmethod 0x00000145b7479090
Event: 14.493 Thread 0x00000145cdcf9420 flushing nmethod 0x00000145b7479390
Event: 14.493 Thread 0x00000145cdcf9420 flushing nmethod 0x00000145b747c210
Event: 14.493 Thread 0x00000145cdcf9420 flushing nmethod 0x00000145b7481910
Event: 14.493 Thread 0x00000145cdcf9420 flushing nmethod 0x00000145b74a4590
Event: 14.493 Thread 0x00000145cdcf9420 flushing nmethod 0x00000145b74a5090
Event: 14.845 loading class java/util/concurrent/LinkedBlockingDeque$Itr
Event: 14.846 loading class java/util/concurrent/LinkedBlockingDeque$AbstractItr
Event: 14.847 loading class java/util/concurrent/LinkedBlockingDeque$AbstractItr done
Event: 14.847 loading class java/util/concurrent/LinkedBlockingDeque$Itr done
Event: 15.678 Thread 0x00000145cdd14e20 Thread exited: 0x00000145cdd14e20
Event: 15.678 Thread 0x00000145cdd14900 Thread exited: 0x00000145cdd14900
Event: 22.771 loading class jdk/internal/access/foreign/MemorySegmentProxy
Event: 22.771 loading class jdk/internal/access/foreign/MemorySegmentProxy done
Event: 121.393 loading class jdk/internal/misc/ScopedMemoryAccess$Scope$Handle
Event: 121.393 loading class jdk/internal/misc/ScopedMemoryAccess$Scope$Handle done


Dynamic libraries:
0x00007ff71bfc0000 - 0x00007ff71bfca000 	E:\AndroidStudio_2024_vision\AS_Install\jbr\bin\java.exe
0x00007ffbab0f0000 - 0x00007ffbab308000 	C:\WINDOWS\SYSTEM32\ntdll.dll
0x00007ffba9880000 - 0x00007ffba9944000 	C:\WINDOWS\System32\KERNEL32.DLL
0x00007ffba84e0000 - 0x00007ffba88b3000 	C:\WINDOWS\System32\KERNELBASE.dll
0x00007ffba8340000 - 0x00007ffba8451000 	C:\WINDOWS\System32\ucrtbase.dll
0x00007ffba3db0000 - 0x00007ffba3dc7000 	E:\AndroidStudio_2024_vision\AS_Install\jbr\bin\jli.dll
0x00007ffb72dd0000 - 0x00007ffb72deb000 	E:\AndroidStudio_2024_vision\AS_Install\jbr\bin\VCRUNTIME140.dll
0x00007ffba90c0000 - 0x00007ffba9272000 	C:\WINDOWS\System32\USER32.dll
0x00007ffba8a60000 - 0x00007ffba8a86000 	C:\WINDOWS\System32\win32u.dll
0x00007ffbab080000 - 0x00007ffbab0a9000 	C:\WINDOWS\System32\GDI32.dll
0x00007ffba8940000 - 0x00007ffba8a5b000 	C:\WINDOWS\System32\gdi32full.dll
0x00007ffba8cf0000 - 0x00007ffba8d8a000 	C:\WINDOWS\System32\msvcp_win.dll
0x00007ffb899d0000 - 0x00007ffb89c6c000 	C:\WINDOWS\WinSxS\amd64_microsoft.windows.common-controls_6595b64144ccf1df_6.0.22621.6060_none_2712eda17382d24b\COMCTL32.dll
0x00007ffba9f50000 - 0x00007ffba9ff7000 	C:\WINDOWS\System32\msvcrt.dll
0x00007ffba9080000 - 0x00007ffba90b1000 	C:\WINDOWS\System32\IMM32.DLL
0x00007ffb72dc0000 - 0x00007ffb72dcc000 	E:\AndroidStudio_2024_vision\AS_Install\jbr\bin\vcruntime140_1.dll
0x00007ffb504d0000 - 0x00007ffb5055d000 	E:\AndroidStudio_2024_vision\AS_Install\jbr\bin\msvcp140.dll
0x00007ffb352c0000 - 0x00007ffb35f43000 	E:\AndroidStudio_2024_vision\AS_Install\jbr\bin\server\jvm.dll
0x00007ffba96f0000 - 0x00007ffba97a1000 	C:\WINDOWS\System32\ADVAPI32.dll
0x00007ffba95d0000 - 0x00007ffba9678000 	C:\WINDOWS\System32\sechost.dll
0x00007ffba8cc0000 - 0x00007ffba8ce8000 	C:\WINDOWS\System32\bcrypt.dll
0x00007ffbaa080000 - 0x00007ffbaa198000 	C:\WINDOWS\System32\RPCRT4.dll
0x00007ffb87dc0000 - 0x00007ffb87dc9000 	C:\WINDOWS\SYSTEM32\WSOCK32.dll
0x00007ffba3390000 - 0x00007ffba33c4000 	C:\WINDOWS\SYSTEM32\WINMM.dll
0x00007ffba0660000 - 0x00007ffba066a000 	C:\WINDOWS\SYSTEM32\VERSION.dll
0x00007ffba80d0000 - 0x00007ffba811d000 	C:\WINDOWS\SYSTEM32\POWRPROF.dll
0x00007ffba9280000 - 0x00007ffba92f1000 	C:\WINDOWS\System32\WS2_32.dll
0x00007ffba80b0000 - 0x00007ffba80c3000 	C:\WINDOWS\SYSTEM32\UMPDC.dll
0x00007ffba71e0000 - 0x00007ffba71f8000 	C:\WINDOWS\SYSTEM32\kernel.appcore.dll
0x00007ffba4290000 - 0x00007ffba429a000 	E:\AndroidStudio_2024_vision\AS_Install\jbr\bin\jimage.dll
0x00007ffba5ac0000 - 0x00007ffba5cf3000 	C:\WINDOWS\SYSTEM32\DBGHELP.DLL
0x00007ffba9ae0000 - 0x00007ffba9e71000 	C:\WINDOWS\System32\combase.dll
0x00007ffba8da0000 - 0x00007ffba8e78000 	C:\WINDOWS\System32\OLEAUT32.dll
0x00007ffb89990000 - 0x00007ffb899c2000 	C:\WINDOWS\SYSTEM32\dbgcore.DLL
0x00007ffba8460000 - 0x00007ffba84db000 	C:\WINDOWS\System32\bcryptPrimitives.dll
0x00007ffba3ee0000 - 0x00007ffba3eee000 	E:\AndroidStudio_2024_vision\AS_Install\jbr\bin\instrument.dll
0x00007ffb6eab0000 - 0x00007ffb6ead5000 	E:\AndroidStudio_2024_vision\AS_Install\jbr\bin\java.dll
0x00007ffba1cf0000 - 0x00007ffba1d08000 	E:\AndroidStudio_2024_vision\AS_Install\jbr\bin\zip.dll
0x00007ffbaa7e0000 - 0x00007ffbab07c000 	C:\WINDOWS\System32\SHELL32.dll
0x00007ffba8200000 - 0x00007ffba833f000 	C:\WINDOWS\System32\wintypes.dll
0x00007ffba6100000 - 0x00007ffba6a1a000 	C:\WINDOWS\SYSTEM32\windows.storage.dll
0x00007ffba99c0000 - 0x00007ffba9ac4000 	C:\WINDOWS\System32\SHCORE.dll
0x00007ffba9810000 - 0x00007ffba9879000 	C:\WINDOWS\System32\shlwapi.dll
0x00007ffba8130000 - 0x00007ffba8155000 	C:\WINDOWS\SYSTEM32\profapi.dll
0x00007ffb96830000 - 0x00007ffb96849000 	E:\AndroidStudio_2024_vision\AS_Install\jbr\bin\net.dll
0x00007ffba4780000 - 0x00007ffba48ac000 	C:\WINDOWS\SYSTEM32\WINHTTP.dll
0x00007ffba76c0000 - 0x00007ffba7729000 	C:\WINDOWS\system32\mswsock.dll
0x00007ffb958a0000 - 0x00007ffb958b6000 	E:\AndroidStudio_2024_vision\AS_Install\jbr\bin\nio.dll
0x00007ffb6f3d0000 - 0x00007ffb6f3e0000 	E:\AndroidStudio_2024_vision\AS_Install\jbr\bin\verify.dll
0x00007ffb6d800000 - 0x00007ffb6d827000 	C:\Users\邓晴\.gradle\native\c067742578af261105cb4f569cf0c3c89f3d7b1fecec35dd04571415982c5e48\windows-amd64\native-platform.dll
0x00007ffb50380000 - 0x00007ffb504c4000 	C:\Users\邓晴\.gradle\native\100fb08df4bc3b14c8652ba06237920a3bd2aa13389f12d3474272988ae205f9\windows-amd64\native-platform-file-events.dll
0x00007ffba3490000 - 0x00007ffba3499000 	E:\AndroidStudio_2024_vision\AS_Install\jbr\bin\management.dll
0x00007ffb72b50000 - 0x00007ffb72b5b000 	E:\AndroidStudio_2024_vision\AS_Install\jbr\bin\management_ext.dll
0x00007ffba95c0000 - 0x00007ffba95c8000 	C:\WINDOWS\System32\PSAPI.DLL
0x00007ffba7910000 - 0x00007ffba792b000 	C:\WINDOWS\SYSTEM32\CRYPTSP.dll
0x00007ffba7140000 - 0x00007ffba7177000 	C:\WINDOWS\system32\rsaenh.dll
0x00007ffba77b0000 - 0x00007ffba77d8000 	C:\WINDOWS\SYSTEM32\USERENV.dll
0x00007ffba7930000 - 0x00007ffba793c000 	C:\WINDOWS\SYSTEM32\CRYPTBASE.dll
0x00007ffba6c80000 - 0x00007ffba6cad000 	C:\WINDOWS\SYSTEM32\IPHLPAPI.DLL
0x00007ffba9ad0000 - 0x00007ffba9ad9000 	C:\WINDOWS\System32\NSI.dll
0x00007ffba3830000 - 0x00007ffba3849000 	C:\WINDOWS\SYSTEM32\dhcpcsvc6.DLL
0x00007ffba3810000 - 0x00007ffba382f000 	C:\WINDOWS\SYSTEM32\dhcpcsvc.DLL
0x00007ffba6cf0000 - 0x00007ffba6de8000 	C:\WINDOWS\SYSTEM32\DNSAPI.dll
0x00007ffb72b40000 - 0x00007ffb72b49000 	E:\AndroidStudio_2024_vision\AS_Install\jbr\bin\extnet.dll
0x00007ffb957e0000 - 0x00007ffb957e8000 	C:\WINDOWS\system32\wshunix.dll
0x00007ffba17f0000 - 0x00007ffba17fa000 	C:\Windows\System32\rasadhlp.dll
0x00007ffba15a0000 - 0x00007ffba1624000 	C:\WINDOWS\System32\fwpuclnt.dll

dbghelp: loaded successfully - version: 4.0.5 - missing functions: none
symbol engine: initialized successfully - sym options: 0x614 - pdb path: .;E:\AndroidStudio_2024_vision\AS_Install\jbr\bin;C:\WINDOWS\SYSTEM32;C:\WINDOWS\WinSxS\amd64_microsoft.windows.common-controls_6595b64144ccf1df_6.0.22621.6060_none_2712eda17382d24b;E:\AndroidStudio_2024_vision\AS_Install\jbr\bin\server;C:\Users\邓晴\.gradle\native\c067742578af261105cb4f569cf0c3c89f3d7b1fecec35dd04571415982c5e48\windows-amd;C:\Users\邓晴\.gradle\native\c067742578af261105cb4f569cf0c3c89f3d7b1fecec35dd04571415982c5e48\windows-amd64;C:\Users\邓晴\.gradle\native\100fb08df4bc3b14c8652ba06237920a3bd2aa13389f12d3474272988ae205f9\windows;C:\Users\邓晴\.gradle\native\100fb08df4bc3b14c8652ba06237920a3bd2aa13389f12d3474272988ae205f9\windo;C:\Users\邓晴\.gradle\native\100fb08df4bc3b14c8652ba06237920a3bd2aa13389f12d3474272988ae205f9\win;C:\Users\邓晴\.gradle\native\100fb08df4bc3b14c8652ba06237920a3bd2aa13389f12d3474272988ae205f9\w;C:\Users\邓晴\.gradle\native\100fb08df4bc3b14c8652ba06237920a3bd2aa13389f12d3474272988ae205f9

VM Arguments:
jvm_args: --add-opens=java.base/java.lang=ALL-UNNAMED --add-opens=java.base/java.lang.invoke=ALL-UNNAMED --add-opens=java.base/java.util=ALL-UNNAMED --add-opens=java.prefs/java.util.prefs=ALL-UNNAMED --add-exports=jdk.compiler/com.sun.tools.javac.api=ALL-UNNAMED --add-exports=jdk.compiler/com.sun.tools.javac.util=ALL-UNNAMED --add-opens=java.base/java.util=ALL-UNNAMED --add-opens=java.prefs/java.util.prefs=ALL-UNNAMED --add-opens=java.base/java.nio.charset=ALL-UNNAMED --add-opens=java.base/java.net=ALL-UNNAMED --add-opens=java.base/java.util.concurrent.atomic=ALL-UNNAMED --add-opens=java.xml/javax.xml.namespace=ALL-UNNAMED -Xmx2048m -Dfile.encoding=UTF-8 -Duser.country=CN -Duser.language=zh -Duser.variant -javaagent:C:\Users\邓晴\.gradle\wrapper\dists\gradle-8.11.1-bin\bpt9gzteqjrbo1mjrsomdt32c\gradle-8.11.1\lib\agents\gradle-instrumentation-agent-8.11.1.jar 
java_command: org.gradle.launcher.daemon.bootstrap.GradleDaemon 8.11.1
java_class_path (initial): C:\Users\邓晴\.gradle\wrapper\dists\gradle-8.11.1-bin\bpt9gzteqjrbo1mjrsomdt32c\gradle-8.11.1\lib\gradle-daemon-main-8.11.1.jar
Launcher Type: SUN_STANDARD

[Global flags]
     intx CICompilerCount                          = 12                                        {product} {ergonomic}
     uint ConcGCThreads                            = 3                                         {product} {ergonomic}
     uint G1ConcRefinementThreads                  = 13                                        {product} {ergonomic}
   size_t G1HeapRegionSize                         = 1048576                                   {product} {ergonomic}
    uintx GCDrainStackTargetSize                   = 64                                        {product} {ergonomic}
   size_t InitialHeapSize                          = 264241152                                 {product} {ergonomic}
   size_t MarkStackSize                            = 4194304                                   {product} {ergonomic}
   size_t MaxHeapSize                              = 2147483648                                {product} {command line}
   size_t MaxNewSize                               = 1287651328                                {product} {ergonomic}
   size_t MinHeapDeltaBytes                        = 1048576                                   {product} {ergonomic}
   size_t MinHeapSize                              = 8388608                                   {product} {ergonomic}
    uintx NonNMethodCodeHeapSize                   = 7602480                                {pd product} {ergonomic}
    uintx NonProfiledCodeHeapSize                  = 122027880                              {pd product} {ergonomic}
    uintx ProfiledCodeHeapSize                     = 122027880                              {pd product} {ergonomic}
    uintx ReservedCodeCacheSize                    = 251658240                              {pd product} {ergonomic}
     bool SegmentedCodeCache                       = true                                      {product} {ergonomic}
   size_t SoftMaxHeapSize                          = 2147483648                             {manageable} {ergonomic}
     bool UseCompressedClassPointers               = true                           {product lp64_product} {ergonomic}
     bool UseCompressedOops                        = true                           {product lp64_product} {ergonomic}
     bool UseG1GC                                  = true                                      {product} {ergonomic}
     bool UseLargePagesIndividualAllocation        = false                                  {pd product} {ergonomic}

Logging:
Log output configuration:
 #0: stdout all=warning uptime,level,tags
 #1: stderr all=off uptime,level,tags

Environment Variables:
JAVA_HOME=C:\Program Files\Java\jdk-23
CLASSPATH=.;C:\Program Files\Java\jdk-23\lib\dt.jar;C:\Program Files\Java\jdk-23\lib\tools.jar;
PATH=F:\python_environment\Scripts\;F:\python_environment\;C:\Program Files (x86)\Common Files\Oracle\Java\javapath;C:\Program Files\Java\jdk-23\bin;C:\Program Files\Microsoft\jdk-11.0.16.101-hotspot\bin;C:\WINDOWS\system32;C:\WINDOWS;C:\WINDOWS\System32\Wbem;C:\WINDOWS\System32\WindowsPowerShell\v1.0\;C:\WINDOWS\System32\OpenSSH\;C:\Program Files\dotnet\;C:\Program Files\Microsoft SQL Server\120\Tools\Binn\;";C:\Program Files\Java\jdk-23\bin;";D:\MySQL\mysql-8.0.39-winx64\bin;C:\Program Files\TortoiseSVN\bin;C:\Program Files\Java\jdk-23\bin;D:\nodejs\;E:\tortoise_folder\bin;C:\Program Files\Git\cmd;D:\nvm;D:\nodejs;C:\Program Files (x86)\Windows Kits\10\Windows Performance Toolkit\;E:\anaconda;E:\anaconda\Library\mingw-w64\bin;E:\anaconda\Library\usr\bin;E:\anaconda\Library\bin;E:\anaconda\Scripts;F:\Python\Scripts\;F:\Python\;C:\Users\邓晴\AppData\Local\Microsoft\WindowsApps;C:\Users\邓晴\AppData\Local\JetBrains\Toolbox\scripts;F:\AI_robot_winter\program files\python_2023\PyCharm Community Edition 2024.3.1.1\bin;;D:\VS Code\bin;C:\Users\邓晴\AppData\Roaming\npm;D:\nvm;D:\nodejs
USERNAME=邓晴
OS=Windows_NT
PROCESSOR_IDENTIFIER=Intel64 Family 6 Model 154 Stepping 3, GenuineIntel
TMP=C:\Users\邓晴\AppData\Local\Temp
TEMP=C:\Users\邓晴\AppData\Local\Temp



Periodic native trim disabled

JNI global refs:
JNI global refs: 37, weak refs: 0

JNI global refs memory usage: 843, weak refs: 209

Process memory usage:
Resident Set Size: 313920K (1% of 16440532K total physical memory with 310776K free physical memory)

OOME stack traces (most recent first):
Classloader memory used:
Loader org.gradle.internal.classloader.VisitableURLClassLoader                         : 4031K
Loader bootstrap                                                                       : 3116K
Loader org.gradle.initialization.MixInLegacyTypesClassLoader                           : 1313K
Loader jdk.internal.loader.ClassLoaders$PlatformClassLoader                            : 101K
Loader jdk.internal.loader.ClassLoaders$AppClassLoader                                 : 29276B
Loader jdk.internal.reflect.DelegatingClassLoader                                      : 22077B
Loader org.gradle.internal.classloader.VisitableURLClassLoader                         : 17981B

Classes loaded by more than one classloader:
Class Program                                                                         : loaded 3 times (x 70B)
Class org.gradle.internal.classpath.ClassPath                                         : loaded 2 times (x 68B)
Class org.gradle.api.internal.classpath.DefaultModuleRegistry                         : loaded 2 times (x 84B)
Class Settings_gradle$1$1                                                             : loaded 2 times (x 72B)
Class org.gradle.api.Action                                                           : loaded 2 times (x 68B)
Class org.gradle.api.internal.DefaultClassPathProvider                                : loaded 2 times (x 74B)
Class org.gradle.internal.installation.GradleInstallation$1                           : loaded 2 times (x 73B)
Class org.gradle.internal.classloader.FilteringClassLoader                            : loaded 2 times (x 103B)
Class org.gradle.internal.classpath.DefaultClassPath$ImmutableUniqueList$Builder      : loaded 2 times (x 73B)
Class org.gradle.internal.classloader.ClassLoaderVisitor                              : loaded 2 times (x 74B)
Class org.gradle.internal.service.DefaultServiceLocator                               : loaded 2 times (x 81B)
Class org.gradle.internal.service.UnknownServiceException                             : loaded 2 times (x 81B)
Class org.gradle.internal.classloader.DefaultClassLoaderFactory                       : loaded 2 times (x 80B)
Class org.gradle.internal.classloader.VisitableURLClassLoader$Spec                    : loaded 2 times (x 72B)
Class org.gradle.api.GradleException                                                  : loaded 2 times (x 80B)
Class org.gradle.api.internal.classpath.ModuleRegistry                                : loaded 2 times (x 68B)
Class org.gradle.api.internal.ClassPathProvider                                       : loaded 2 times (x 68B)
Class org.gradle.internal.classloader.ClasspathUtil$1                                 : loaded 2 times (x 74B)
Class org.gradle.internal.classloader.ClassLoaderFactory                              : loaded 2 times (x 68B)
Class org.gradle.api.internal.classpath.ManifestUtil                                  : loaded 2 times (x 69B)
Class org.gradle.api.specs.Spec                                                       : loaded 2 times (x 68B)
Class org.gradle.internal.IoActions                                                   : loaded 2 times (x 69B)
Class org.gradle.api.internal.classpath.EffectiveClassPath                            : loaded 2 times (x 88B)
Class org.gradle.internal.installation.CurrentGradleInstallation                      : loaded 2 times (x 71B)
Class org.gradle.internal.installation.CurrentGradleInstallationLocator               : loaded 2 times (x 69B)
Class org.gradle.api.internal.classpath.Module                                        : loaded 2 times (x 68B)
Class org.gradle.internal.service.CachingServiceLocator                               : loaded 2 times (x 80B)
Class org.gradle.internal.classpath.DefaultClassPath                                  : loaded 2 times (x 88B)
Class org.gradle.internal.classloader.SystemClassLoaderSpec                           : loaded 2 times (x 69B)
Class org.gradle.api.UncheckedIOException                                             : loaded 2 times (x 80B)
Class org.gradle.internal.installation.GradleInstallation                             : loaded 2 times (x 73B)
Class org.gradle.api.internal.classpath.GlobalCacheRootsProvider                      : loaded 2 times (x 68B)
Class org.gradle.internal.classloader.ClasspathUtil                                   : loaded 2 times (x 69B)
Class org.gradle.api.internal.DefaultClassPathRegistry                                : loaded 2 times (x 74B)
Class org.gradle.api.internal.classpath.DefaultModuleRegistry$DefaultModule           : loaded 2 times (x 84B)
Class org.gradle.api.internal.classpath.UnknownModuleException                        : loaded 2 times (x 80B)
Class org.gradle.internal.service.ServiceLookupException                              : loaded 2 times (x 80B)
Class [Lorg.gradle.api.internal.ClassPathProvider;                                    : loaded 2 times (x 67B)
Class org.gradle.util.internal.GUtil                                                  : loaded 2 times (x 69B)
Class org.gradle.internal.classloader.ClassLoaderSpec                                 : loaded 2 times (x 69B)
Class org.gradle.internal.classloader.InstrumentingClassLoader                        : loaded 2 times (x 68B)
Class org.gradle.internal.classloader.VisitableURLClassLoader                         : loaded 2 times (x 115B)
Class org.gradle.internal.Cast                                                        : loaded 2 times (x 69B)
Class org.gradle.api.internal.ClassPathRegistry                                       : loaded 2 times (x 68B)
Class org.gradle.internal.classloader.VisitableURLClassLoader$InstrumentingVisitableURLClassLoader: loaded 2 times (x 121B)
Class org.gradle.internal.classloader.ClassLoaderHierarchy                            : loaded 2 times (x 68B)
Class org.gradle.internal.InternalTransformer                                         : loaded 2 times (x 68B)
Class org.gradle.internal.service.ServiceLocator                                      : loaded 2 times (x 68B)
Class Settings_gradle$1                                                               : loaded 2 times (x 72B)
Class org.gradle.internal.classpath.DefaultClassPath$ImmutableUniqueList              : loaded 2 times (x 159B)
Class org.gradle.internal.classpath.TransformedClassPath                              : loaded 2 times (x 94B)
Class Settings_gradle                                                                 : loaded 2 times (x 126B)


---------------  S Y S T E M  ---------------

OS:
 Windows 11 , 64 bit Build 22621 (10.0.22621.5415)
OS uptime: 0 days 14:01 hours

CPU: total 16 (initial active 16) (16 cores per cpu, 1 threads per core) family 6 model 154 stepping 3 microcode 0x42c, cx8, cmov, fxsr, mmx, 3dnowpref, sse, sse2, sse3, ssse3, sse4.1, sse4.2, popcnt, lzcnt, tsc, tscinvbit, avx, avx2, aes, erms, clmul, bmi1, bmi2, adx, sha, fma, vzeroupper, clflush, clflushopt, clwb
Processor Information for processor 0
  Max Mhz: 1700, Current Mhz: 1700, Mhz Limit: 1700
Processor Information for processor 1
  Max Mhz: 1700, Current Mhz: 1700, Mhz Limit: 1700
Processor Information for processor 2
  Max Mhz: 1700, Current Mhz: 1700, Mhz Limit: 1700
Processor Information for processor 3
  Max Mhz: 1700, Current Mhz: 1700, Mhz Limit: 1700
Processor Information for processor 4
  Max Mhz: 1700, Current Mhz: 1700, Mhz Limit: 1700
Processor Information for processor 5
  Max Mhz: 1700, Current Mhz: 1700, Mhz Limit: 1700
Processor Information for processor 6
  Max Mhz: 1700, Current Mhz: 1700, Mhz Limit: 1700
Processor Information for processor 7
  Max Mhz: 1700, Current Mhz: 1700, Mhz Limit: 1700
Processor Information for processor 8
  Max Mhz: 1700, Current Mhz: 1200, Mhz Limit: 1190
Processor Information for processor 9
  Max Mhz: 1700, Current Mhz: 1200, Mhz Limit: 1190
Processor Information for processor 10
  Max Mhz: 1700, Current Mhz: 1200, Mhz Limit: 1190
Processor Information for processor 11
  Max Mhz: 1700, Current Mhz: 1200, Mhz Limit: 1190
Processor Information for processor 12
  Max Mhz: 1700, Current Mhz: 1200, Mhz Limit: 1190
Processor Information for processor 13
  Max Mhz: 1700, Current Mhz: 1200, Mhz Limit: 1190
Processor Information for processor 14
  Max Mhz: 1700, Current Mhz: 1200, Mhz Limit: 1190
Processor Information for processor 15
  Max Mhz: 1700, Current Mhz: 1200, Mhz Limit: 1190

Memory: 4k page, system-wide physical 16055M (300M free)
TotalPageFile size 29430M (AvailPageFile size 0M)
current process WorkingSet (physical memory assigned to process): 307M, peak: 327M
current process commit charge ("private bytes"): 347M, peak: 397M

vm_info: OpenJDK 64-Bit Server VM (17.0.11+0--11852314) for windows-amd64 JRE (17.0.11+0--11852314), built on May 16 2024 21:29:20 by "androidbuild" with MS VC++ 16.10 / 16.11 (VS2019)

END.
